[debug] [2018-03-02T18:04:12.675Z] ----------------------------------------------------------------------
[debug] [2018-03-02T18:04:12.675Z] Command:       C:\Program Files\nodejs\node.exe C:\Users\johnny\AppData\Local\Yarn\config\global\node_modules\firebase-tools\bin\firebase deploy
[debug] [2018-03-02T18:04:12.675Z] CLI Version:   3.17.4
[debug] [2018-03-02T18:04:12.675Z] Platform:      win32
[debug] [2018-03-02T18:04:12.675Z] Node Version:  v8.9.4
[debug] [2018-03-02T18:04:12.675Z] Time:          Fri Mar 02 2018 13:04:12 GMT-0500 (Eastern Standard Time)
[debug] [2018-03-02T18:04:12.675Z] ----------------------------------------------------------------------
[debug] 
[debug] [2018-03-02T18:04:12.691Z] > command requires scopes: ["email","openid","https://www.googleapis.com/auth/cloudplatformprojects.readonly","https://www.googleapis.com/auth/firebase","https://www.googleapis.com/auth/cloud-platform"]
[debug] [2018-03-02T18:04:12.691Z] > authorizing via signed-in user
[debug] [2018-03-02T18:04:12.691Z] > refreshing access token with scopes: ["email","https://www.googleapis.com/auth/cloud-platform","https://www.googleapis.com/auth/cloudplatformprojects.readonly","https://www.googleapis.com/auth/firebase","openid"]
[debug] [2018-03-02T18:04:12.691Z] >>> HTTP REQUEST POST https://www.googleapis.com/oauth2/v3/token  
 { refresh_token: '1/pMKyPaDq-4eaCsL6gWlftGSWhULEGo_Z9g1eJxtmnAw',
  client_id: '563584335869-fgrhgmd47bqnekij5i8b5pr03ho849e6.apps.googleusercontent.com',
  client_secret: 'j9iVZfS8kkCEFUPaAeJV0sAi',
  grant_type: 'refresh_token',
  scope: 'email https://www.googleapis.com/auth/cloud-platform https://www.googleapis.com/auth/cloudplatformprojects.readonly https://www.googleapis.com/auth/firebase openid' } 
 Fri Mar 02 2018 13:04:12 GMT-0500 (Eastern Standard Time)
[debug] [2018-03-02T18:04:13.925Z] <<< HTTP RESPONSE 200
[debug] [2018-03-02T18:04:13.988Z] >>> HTTP REQUEST GET https://admin.firebase.com/v1/projects/lambda-notes-45h13i  
  
 Fri Mar 02 2018 13:04:13 GMT-0500 (Eastern Standard Time)
[debug] [2018-03-02T18:04:17.488Z] <<< HTTP RESPONSE 200
[debug] [2018-03-02T18:04:17.488Z] >>> HTTP REQUEST GET https://admin.firebase.com/v1/database/lambda-notes-45h13i/tokens  
  
 Fri Mar 02 2018 13:04:17 GMT-0500 (Eastern Standard Time)
[debug] [2018-03-02T18:04:17.835Z] <<< HTTP RESPONSE 200
[info] 
[info] === Deploying to 'lambda-notes-45h13i'...
[info] 
[info] i  deploying database, storage, functions, hosting
[info] i  database: checking rules syntax...
[debug] [2018-03-02T18:04:18.147Z] >>> HTTP REQUEST PUT https://lambda-notes-45h13i.firebaseio.com/.settings/rules.json?dryRun=true  
 {
  "rules": {
    ".read": true,
    ".write": true
  }
}
 
 Fri Mar 02 2018 13:04:18 GMT-0500 (Eastern Standard Time)
[debug] [2018-03-02T18:04:32.377Z] Error: getaddrinfo ENOTFOUND lambda-notes-45h13i.firebaseio.com lambda-notes-45h13i.firebaseio.com:443
    at errnoException (dns.js:50:10)
    at GetAddrInfoReqWrap.onlookup [as oncomplete] (dns.js:92:26)
[error] 
[error] Error: Server Error. getaddrinfo ENOTFOUND lambda-notes-45h13i.firebaseio.com lambda-notes-45h13i.firebaseio.com:443
