[debug] [2018-03-29T14:43:20.156Z] ----------------------------------------------------------------------
[debug] [2018-03-29T14:43:20.160Z] Command:       /usr/bin/node /home/william/lambdaschool/week8/front-end-project-week/notes/node_modules/.bin/firebase deploy --debug
[debug] [2018-03-29T14:43:20.161Z] CLI Version:   3.17.7
[debug] [2018-03-29T14:43:20.161Z] Platform:      linux
[debug] [2018-03-29T14:43:20.161Z] Node Version:  v8.10.0
[debug] [2018-03-29T14:43:20.162Z] Time:          Thu Mar 29 2018 09:43:20 GMT-0500 (CDT)
[debug] [2018-03-29T14:43:20.162Z] ----------------------------------------------------------------------
[debug] 
[debug] [2018-03-29T14:43:20.175Z] > command requires scopes: ["email","openid","https://www.googleapis.com/auth/cloudplatformprojects.readonly","https://www.googleapis.com/auth/firebase","https://www.googleapis.com/auth/cloud-platform"]
[debug] [2018-03-29T14:43:20.176Z] > authorizing via signed-in user
[debug] [2018-03-29T14:43:20.180Z] >>> HTTP REQUEST GET https://admin.firebase.com/v1/projects/notes-f8af8  
  
 Thu Mar 29 2018 09:43:20 GMT-0500 (CDT)
[debug] [2018-03-29T14:43:20.676Z] <<< HTTP RESPONSE 200
[debug] [2018-03-29T14:43:20.677Z] >>> HTTP REQUEST GET https://admin.firebase.com/v1/database/notes-f8af8/tokens  
  
 Thu Mar 29 2018 09:43:20 GMT-0500 (CDT)
[debug] [2018-03-29T14:43:21.031Z] <<< HTTP RESPONSE 200
[info] 
[info] === Deploying to 'notes-f8af8'...
[info] 
[info] i  deploying database, hosting
[info] i  database: checking rules syntax...
[debug] [2018-03-29T14:43:21.342Z] >>> HTTP REQUEST PUT https://notes-f8af8.firebaseio.com/.settings/rules.json?dryRun=true  
 {
  "rules": {
    ".read": "auth != null",
    ".write": "auth != null"
  }
} 
 Thu Mar 29 2018 09:43:21 GMT-0500 (CDT)
[debug] [2018-03-29T14:43:21.586Z] <<< HTTP RESPONSE 200
[info] ✔  database: rules syntax for database notes-f8af8 is valid
[info] i  hosting: preparing build directory for upload...
[debug] [2018-03-29T14:43:21.754Z] >>> HTTP REQUEST PUT https://deploy.firebase.com/v1/hosting/notes-f8af8/uploads/-L8mCd3sCaQ1PpAktaDC?fileCount=8&message=  
  
 Thu Mar 29 2018 09:43:21 GMT-0500 (CDT)
[debug] [2018-03-29T14:43:23.394Z] <<< HTTP RESPONSE 200
[debug] [2018-03-29T14:43:23.394Z] [hosting] .tgz uploaded successfully, waiting for extraction
[info] ✔  hosting: 8 files uploaded successfully
[info] i  database: releasing rules...
[debug] [2018-03-29T14:43:24.392Z] >>> HTTP REQUEST PUT https://notes-f8af8.firebaseio.com/.settings/rules.json  
 {
  "rules": {
    ".read": "auth != null",
    ".write": "auth != null"
  }
} 
 Thu Mar 29 2018 09:43:24 GMT-0500 (CDT)
[debug] [2018-03-29T14:43:24.680Z] <<< HTTP RESPONSE 200
[info] ✔  database: rules for database notes-f8af8 released successfully
[debug] [2018-03-29T14:43:24.685Z] >>> HTTP REQUEST POST https://deploy.firebase.com/v1/projects/notes-f8af8/releases  
 { hosting: 
   { public: 'build',
     ignore: [ 'firebase.json', '**/.*', '**/node_modules/**' ],
     rewrites: [ [Object] ],
     version: '-L8mCd3sCaQ1PpAktaDC',
     prefix: '-L8mCd3sCaQ1PpAktaDC/',
     manifest: [] } } 
 Thu Mar 29 2018 09:43:24 GMT-0500 (CDT)
[debug] [2018-03-29T14:43:25.802Z] <<< HTTP RESPONSE 200
[info] 
[info] ✔  Deploy complete!
[info] 
[info] Project Console: https://console.firebase.google.com/project/notes-f8af8/overview
[info] Hosting URL: https://notes-f8af8.firebaseapp.com
